Using pre-set license
Built from '2020.3/release' branch; Version is '2020.3.1f1 (77a89f25062f) revision 7841951'; Using compiler version '192528614'; Build Type 'Release'
OS: 'Windows 10 Home Single Language; OS build 19042.928; Version 2009; 64bit' Language: 'en' Physical Memory: 16255 MB
BatchMode: 1, IsHumanControllingUs: 0, StartBugReporterOnCrash: 0, Is64bit: 1, IsPro: 0

 COMMAND LINE ARGUMENTS:
D:\Program Files\UnityHub\2020.3.1f1\Editor\Unity.exe
-adb2
-batchMode
-noUpm
-name
AssetImportWorker0
-projectPath
D:/UnityProjects/SuperBirds2021
-logFile
Logs/AssetImportWorker0.log
-srvPort
55214
Successfully changed project path to: D:/UnityProjects/SuperBirds2021
D:/UnityProjects/SuperBirds2021
Using Asset Import Pipeline V2.
Refreshing native plugins compatible for Editor in 68.93 ms, found 0 plugins.
Preloading 0 native plugins for Editor in 0.00 ms.
Initialize engine version: 2020.3.1f1 (77a89f25062f)
[Subsystems] Discovering subsystems at path D:/Program Files/UnityHub/2020.3.1f1/Editor/Data/Resources/UnitySubsystems
[Subsystems] Discovering subsystems at path D:/UnityProjects/SuperBirds2021/Assets
GfxDevice: creating device client; threaded=0
Direct3D:
    Version:  Direct3D 11.0 [level 11.1]
    Renderer: NVIDIA GeForce GTX 1060 (ID=0x1c20)
    Vendor:   
    VRAM:     6052 MB
    Driver:   27.21.14.5687
Initialize mono
Mono path[0] = 'D:/Program Files/UnityHub/2020.3.1f1/Editor/Data/Managed'
Mono path[1] = 'D:/Program Files/UnityHub/2020.3.1f1/Editor/Data/MonoBleedingEdge/lib/mono/unityjit'
Mono config path = 'D:/Program Files/UnityHub/2020.3.1f1/Editor/Data/MonoBleedingEdge/etc'
Using monoOptions --debugger-agent=transport=dt_socket,embedding=1,server=y,suspend=n,address=127.0.0.1:56492
Begin MonoManager ReloadAssembly
Registering precompiled unity dll's ...
Register platform support module: D:/Program Files/UnityHub/2020.3.1f1/Editor/Data/PlaybackEngines/WindowsStandaloneSupport/UnityEditor.WindowsStandalone.Extensions.dll
Registered in 0.009198 seconds.
Native extension for WindowsStandalone target not found
Refreshing native plugins compatible for Editor in 66.83 ms, found 0 plugins.
Preloading 0 native plugins for Editor in 0.00 ms.
Invoked RoslynAnalysisRunner static constructor.
RoslynAnalysisRunner will not be running.
RoslynAnalysisRunner has terminated.
Mono: successfully reloaded assembly
- Completed reload, in  5.177 seconds
Platform modules already initialized, skipping
Registering precompiled user dll's ...
Registered in 0.001653 seconds.
Begin MonoManager ReloadAssembly
Native extension for WindowsStandalone target not found
Refreshing native plugins compatible for Editor in 0.54 ms, found 0 plugins.
Preloading 0 native plugins for Editor in 0.00 ms.
Invoked RoslynAnalysisRunner static constructor.
RoslynAnalysisRunner will not be running.
RoslynAnalysisRunner has terminated.
Mono: successfully reloaded assembly
- Completed reload, in  2.408 seconds
Platform modules already initialized, skipping
========================================================================
Worker process is ready to serve import requests
Launched and connected shader compiler UnityShaderCompiler.exe after 0.26 seconds
Refreshing native plugins compatible for Editor in 0.45 ms, found 0 plugins.
Preloading 0 native plugins for Editor in 0.00 ms.
Unloading 1148 Unused Serialized files (Serialized files now loaded: 0)
System memory in use before: 58.1 MB.
System memory in use after: 58.1 MB.

Unloading 10 unused Assets to reduce memory usage. Loaded Objects now: 1591.
Total: 5.580000 ms (FindLiveObjects: 0.390000 ms CreateObjectMapping: 0.357000 ms MarkObjects: 4.703700 ms  DeleteObjects: 0.125000 ms)

========================================================================
Received Import Request.
  path: Assets/Scripts/OptionsManager.cs
  artifactKey: Guid(55c54b0aa89ba804581795f67735b019) Importer(815301076,1909f56bfc062723c751e8b465ee728b)
Start importing Assets/Scripts/OptionsManager.cs using Guid(55c54b0aa89ba804581795f67735b019) Importer(815301076,1909f56bfc062723c751e8b465ee728b)  -> (artifact id: '47102a82673c3cf4cd3ce0ff898f04b5') in 0.062744 seconds
  Import took 0.101911 seconds .

========================================================================
Received Prepare
Registering precompiled user dll's ...
Registered in 0.001338 seconds.
Begin MonoManager ReloadAssembly
Native extension for WindowsStandalone target not found
Refreshing native plugins compatible for Editor in 0.38 ms, found 0 plugins.
Preloading 0 native plugins for Editor in 0.00 ms.
Invoked RoslynAnalysisRunner static constructor.
RoslynAnalysisRunner will not be running.
RoslynAnalysisRunner has terminated.
Mono: successfully reloaded assembly
- Completed reload, in  3.940 seconds
Platform modules already initialized, skipping
Refreshing native plugins compatible for Editor in 0.25 ms, found 0 plugins.
Preloading 0 native plugins for Editor in 0.00 ms.
Unloading 1143 Unused Serialized files (Serialized files now loaded: 0)
System memory in use before: 58.0 MB.
System memory in use after: 58.1 MB.

Unloading 5 unused Assets to reduce memory usage. Loaded Objects now: 1594.
Total: 11.267800 ms (FindLiveObjects: 0.182900 ms CreateObjectMapping: 0.070100 ms MarkObjects: 10.824600 ms  DeleteObjects: 0.187400 ms)

========================================================================
Received Prepare
Registering precompiled user dll's ...
Registered in 0.008954 seconds.
Begin MonoManager ReloadAssembly
Native extension for WindowsStandalone target not found
Refreshing native plugins compatible for Editor in 0.38 ms, found 0 plugins.
Preloading 0 native plugins for Editor in 0.00 ms.
Invoked RoslynAnalysisRunner static constructor.
RoslynAnalysisRunner will not be running.
RoslynAnalysisRunner has terminated.
Mono: successfully reloaded assembly
- Completed reload, in  3.381 seconds
Platform modules already initialized, skipping
Refreshing native plugins compatible for Editor in 3.92 ms, found 0 plugins.
Preloading 0 native plugins for Editor in 0.00 ms.
Unloading 1143 Unused Serialized files (Serialized files now loaded: 0)
System memory in use before: 58.0 MB.
System memory in use after: 58.1 MB.

Unloading 5 unused Assets to reduce memory usage. Loaded Objects now: 1597.
Total: 3.144900 ms (FindLiveObjects: 0.350000 ms CreateObjectMapping: 0.206300 ms MarkObjects: 1.863300 ms  DeleteObjects: 0.723900 ms)

========================================================================
Received Prepare
Registering precompiled user dll's ...
Registered in 0.006196 seconds.
Begin MonoManager ReloadAssembly
Native extension for WindowsStandalone target not found
Refreshing native plugins compatible for Editor in 0.25 ms, found 0 plugins.
Preloading 0 native plugins for Editor in 0.00 ms.
Invoked RoslynAnalysisRunner static constructor.
RoslynAnalysisRunner will not be running.
RoslynAnalysisRunner has terminated.
Mono: successfully reloaded assembly
- Completed reload, in  1.957 seconds
Platform modules already initialized, skipping
Refreshing native plugins compatible for Editor in 0.28 ms, found 0 plugins.
Preloading 0 native plugins for Editor in 0.00 ms.
Unloading 1143 Unused Serialized files (Serialized files now loaded: 0)
System memory in use before: 58.1 MB.
System memory in use after: 58.2 MB.

Unloading 5 unused Assets to reduce memory usage. Loaded Objects now: 1600.
Total: 3.955100 ms (FindLiveObjects: 0.340800 ms CreateObjectMapping: 0.076300 ms MarkObjects: 3.457800 ms  DeleteObjects: 0.076900 ms)

========================================================================
Received Prepare
Registering precompiled user dll's ...
Registered in 0.001288 seconds.
Begin MonoManager ReloadAssembly
Native extension for WindowsStandalone target not found
Refreshing native plugins compatible for Editor in 0.32 ms, found 0 plugins.
Preloading 0 native plugins for Editor in 0.00 ms.
Invoked RoslynAnalysisRunner static constructor.
RoslynAnalysisRunner will not be running.
RoslynAnalysisRunner has terminated.
Mono: successfully reloaded assembly
- Completed reload, in 46.970 seconds
Platform modules already initialized, skipping
Refreshing native plugins compatible for Editor in 0.28 ms, found 0 plugins.
Preloading 0 native plugins for Editor in 0.00 ms.
Unloading 1143 Unused Serialized files (Serialized files now loaded: 0)
System memory in use before: 58.1 MB.
System memory in use after: 58.2 MB.

Unloading 5 unused Assets to reduce memory usage. Loaded Objects now: 1603.
Total: 3.697000 ms (FindLiveObjects: 0.650100 ms CreateObjectMapping: 0.292500 ms MarkObjects: 2.675700 ms  DeleteObjects: 0.074400 ms)

========================================================================
Received Prepare
Registering precompiled user dll's ...
Registered in 0.001497 seconds.
Begin MonoManager ReloadAssembly
Native extension for WindowsStandalone target not found
Refreshing native plugins compatible for Editor in 0.28 ms, found 0 plugins.
Preloading 0 native plugins for Editor in 0.00 ms.
Invoked RoslynAnalysisRunner static constructor.
RoslynAnalysisRunner will not be running.
RoslynAnalysisRunner has terminated.
Mono: successfully reloaded assembly
- Completed reload, in  2.012 seconds
Platform modules already initialized, skipping
Refreshing native plugins compatible for Editor in 0.32 ms, found 0 plugins.
Preloading 0 native plugins for Editor in 0.00 ms.
Unloading 1143 Unused Serialized files (Serialized files now loaded: 0)
System memory in use before: 58.1 MB.
System memory in use after: 58.2 MB.

Unloading 5 unused Assets to reduce memory usage. Loaded Objects now: 1606.
Total: 3.597800 ms (FindLiveObjects: 0.155900 ms CreateObjectMapping: 0.060500 ms MarkObjects: 3.092700 ms  DeleteObjects: 0.285400 ms)

========================================================================
Received Import Request.
  Time since last request: 759.827892 seconds.
  path: Assets/Sprites/Button.png
  artifactKey: Guid(8746bdd0d41c39647b1273c06c075eaf) Importer(815301076,1909f56bfc062723c751e8b465ee728b)
Start importing Assets/Sprites/Button.png using Guid(8746bdd0d41c39647b1273c06c075eaf) Importer(815301076,1909f56bfc062723c751e8b465ee728b)  -> (artifact id: 'feac91d64e07a60f6faf368d740278ca') in 0.935093 seconds
  Import took 0.961566 seconds .

========================================================================
Received Import Request.
  Time since last request: 0.000429 seconds.
  path: Assets/Sprites/OptionTitle.png
  artifactKey: Guid(0d86431f53603ce44b7b0999d5843d91) Importer(815301076,1909f56bfc062723c751e8b465ee728b)
Start importing Assets/Sprites/OptionTitle.png using Guid(0d86431f53603ce44b7b0999d5843d91) Importer(815301076,1909f56bfc062723c751e8b465ee728b)  -> (artifact id: '6b84cffd6a7c19f1ee5a714173066453') in 0.080759 seconds
  Import took 0.126323 seconds .

========================================================================
Received Import Request.
  Time since last request: 0.000940 seconds.
  path: Assets/Sprites/GameTitle.png
  artifactKey: Guid(75fdff17c93d98e4d98f22b25a2c7bda) Importer(815301076,1909f56bfc062723c751e8b465ee728b)
Start importing Assets/Sprites/GameTitle.png using Guid(75fdff17c93d98e4d98f22b25a2c7bda) Importer(815301076,1909f56bfc062723c751e8b465ee728b)  -> (artifact id: 'b588195f7f8a2d30d66d108c3024323d') in 0.106766 seconds
  Import took 0.140389 seconds .

========================================================================
Received Import Request.
  Time since last request: 0.000474 seconds.
  path: Assets/Sprites/Panel.png
  artifactKey: Guid(0f3a237a0ada8f24a9e27e06eefc1fe4) Importer(815301076,1909f56bfc062723c751e8b465ee728b)
Start importing Assets/Sprites/Panel.png using Guid(0f3a237a0ada8f24a9e27e06eefc1fe4) Importer(815301076,1909f56bfc062723c751e8b465ee728b)  -> (artifact id: '616aab874e31119910a8cbb1ee1b4c1e') in 0.077428 seconds
  Import took 0.081458 seconds .

========================================================================
Received Prepare
Registering precompiled user dll's ...
Registered in 0.001138 seconds.
Begin MonoManager ReloadAssembly
Native extension for WindowsStandalone target not found
Refreshing native plugins compatible for Editor in 0.27 ms, found 0 plugins.
Preloading 0 native plugins for Editor in 0.00 ms.
Invoked RoslynAnalysisRunner static constructor.
RoslynAnalysisRunner will not be running.
RoslynAnalysisRunner has terminated.
Mono: successfully reloaded assembly
- Completed reload, in  1.930 seconds
Platform modules already initialized, skipping
Refreshing native plugins compatible for Editor in 0.24 ms, found 0 plugins.
Preloading 0 native plugins for Editor in 0.00 ms.
Unloading 1143 Unused Serialized files (Serialized files now loaded: 0)
System memory in use before: 61.2 MB.
System memory in use after: 61.3 MB.

Unloading 5 unused Assets to reduce memory usage. Loaded Objects now: 1621.
Total: 7.201800 ms (FindLiveObjects: 0.676400 ms CreateObjectMapping: 0.612900 ms MarkObjects: 5.823700 ms  DeleteObjects: 0.086300 ms)

========================================================================
Received Import Request.
  Time since last request: 498.801539 seconds.
  path: Assets/Sounds/Master.mixer
  artifactKey: Guid(6c1d0e5e01d257f49afe9303361a7e76) Importer(815301076,1909f56bfc062723c751e8b465ee728b)
Start importing Assets/Sounds/Master.mixer using Guid(6c1d0e5e01d257f49afe9303361a7e76) Importer(815301076,1909f56bfc062723c751e8b465ee728b)  -> (artifact id: '5fcae16e812b17a32e943877b75d7aba') in 0.053162 seconds
  Import took 0.086375 seconds .

========================================================================
Received Import Request.
  Time since last request: 137.682402 seconds.
  path: Assets/Sounds/Master.mixer
  artifactKey: Guid(6c1d0e5e01d257f49afe9303361a7e76) Importer(815301076,1909f56bfc062723c751e8b465ee728b)
Start importing Assets/Sounds/Master.mixer using Guid(6c1d0e5e01d257f49afe9303361a7e76) Importer(815301076,1909f56bfc062723c751e8b465ee728b)  -> (artifact id: '341cde00529403fb2c4f0360e303e2ce') in 0.030641 seconds
  Import took 0.065680 seconds .

========================================================================
Received Import Request.
  Time since last request: 6.419156 seconds.
  path: Assets/Sounds/Master.mixer
  artifactKey: Guid(6c1d0e5e01d257f49afe9303361a7e76) Importer(815301076,1909f56bfc062723c751e8b465ee728b)
Start importing Assets/Sounds/Master.mixer using Guid(6c1d0e5e01d257f49afe9303361a7e76) Importer(815301076,1909f56bfc062723c751e8b465ee728b)  -> (artifact id: '544954670ef5ff8c6b4218d0488129f4') in 0.071315 seconds
  Import took 0.074766 seconds .

========================================================================
Received Prepare
Registering precompiled user dll's ...
Registered in 0.002126 seconds.
Begin MonoManager ReloadAssembly
Native extension for WindowsStandalone target not found
Refreshing native plugins compatible for Editor in 0.27 ms, found 0 plugins.
Preloading 0 native plugins for Editor in 0.00 ms.
Invoked RoslynAnalysisRunner static constructor.
RoslynAnalysisRunner will not be running.
RoslynAnalysisRunner has terminated.
Mono: successfully reloaded assembly
- Completed reload, in  1.971 seconds
Platform modules already initialized, skipping
Refreshing native plugins compatible for Editor in 0.27 ms, found 0 plugins.
Preloading 0 native plugins for Editor in 0.00 ms.
Unloading 1143 Unused Serialized files (Serialized files now loaded: 0)
System memory in use before: 61.2 MB.
System memory in use after: 61.3 MB.

Unloading 5 unused Assets to reduce memory usage. Loaded Objects now: 1624.
Total: 10.265300 ms (FindLiveObjects: 0.881200 ms CreateObjectMapping: 1.586300 ms MarkObjects: 7.716900 ms  DeleteObjects: 0.077100 ms)

========================================================================
Received Import Request.
  Time since last request: 257.239184 seconds.
  path: Assets/Sounds/Master.mixer
  artifactKey: Guid(6c1d0e5e01d257f49afe9303361a7e76) Importer(815301076,1909f56bfc062723c751e8b465ee728b)
Start importing Assets/Sounds/Master.mixer using Guid(6c1d0e5e01d257f49afe9303361a7e76) Importer(815301076,1909f56bfc062723c751e8b465ee728b)  -> (artifact id: '30ec1e5b23ba9ce0e2520919bb1719e3') in 0.056674 seconds
  Import took 0.074325 seconds .

========================================================================
Received Prepare
Registering precompiled user dll's ...
Registered in 0.009986 seconds.
Begin MonoManager ReloadAssembly
Native extension for WindowsStandalone target not found
Refreshing native plugins compatible for Editor in 1.01 ms, found 0 plugins.
Preloading 0 native plugins for Editor in 0.00 ms.
Invoked RoslynAnalysisRunner static constructor.
RoslynAnalysisRunner will not be running.
RoslynAnalysisRunner has terminated.
Mono: successfully reloaded assembly
- Completed reload, in  3.075 seconds
Platform modules already initialized, skipping
Refreshing native plugins compatible for Editor in 0.42 ms, found 0 plugins.
Preloading 0 native plugins for Editor in 0.00 ms.
Unloading 1143 Unused Serialized files (Serialized files now loaded: 0)
System memory in use before: 61.2 MB.
System memory in use after: 61.3 MB.

Unloading 5 unused Assets to reduce memory usage. Loaded Objects now: 1627.
Total: 19.073900 ms (FindLiveObjects: 0.723100 ms CreateObjectMapping: 0.243600 ms MarkObjects: 18.032500 ms  DeleteObjects: 0.072100 ms)

========================================================================
Received Prepare
Registering precompiled user dll's ...
Registered in 0.028793 seconds.
Begin MonoManager ReloadAssembly
Native extension for WindowsStandalone target not found
Refreshing native plugins compatible for Editor in 0.68 ms, found 0 plugins.
Preloading 0 native plugins for Editor in 0.00 ms.
Invoked RoslynAnalysisRunner static constructor.
RoslynAnalysisRunner will not be running.
RoslynAnalysisRunner has terminated.
Mono: successfully reloaded assembly
- Completed reload, in  2.555 seconds
Platform modules already initialized, skipping
Refreshing native plugins compatible for Editor in 0.29 ms, found 0 plugins.
Preloading 0 native plugins for Editor in 0.00 ms.
Unloading 1143 Unused Serialized files (Serialized files now loaded: 0)
System memory in use before: 61.2 MB.
System memory in use after: 61.3 MB.

Unloading 5 unused Assets to reduce memory usage. Loaded Objects now: 1630.
Total: 3.128500 ms (FindLiveObjects: 0.506300 ms CreateObjectMapping: 0.256600 ms MarkObjects: 2.279300 ms  DeleteObjects: 0.084000 ms)

========================================================================
Received Import Request.
  Time since last request: 629.731640 seconds.
  path: Assets/Prefabs
  artifactKey: Guid(abbb8bbcca581aa478c0bbe363409cf1) Importer(815301076,1909f56bfc062723c751e8b465ee728b)
Start importing Assets/Prefabs using Guid(abbb8bbcca581aa478c0bbe363409cf1) Importer(815301076,1909f56bfc062723c751e8b465ee728b)  -> (artifact id: 'ca04ef29e59395b80dedd1195089ce2a') in 0.036963 seconds
  Import took 0.112080 seconds .

========================================================================
Received Import Request.
  Time since last request: 5.394196 seconds.
  path: Assets/Prefabs/SFX Slider.prefab
  artifactKey: Guid(a0ca0a66303a8044bb81b06d6471b17f) Importer(815301076,1909f56bfc062723c751e8b465ee728b)
Start importing Assets/Prefabs/SFX Slider.prefab using Guid(a0ca0a66303a8044bb81b06d6471b17f) Importer(815301076,1909f56bfc062723c751e8b465ee728b)  -> (artifact id: '476a6e69bef094736146f62444713e18') in 0.231668 seconds
  Import took 0.235695 seconds .

========================================================================
Received Prepare
Registering precompiled user dll's ...
Registered in 0.001520 seconds.
Begin MonoManager ReloadAssembly
Native extension for WindowsStandalone target not found
Refreshing native plugins compatible for Editor in 0.29 ms, found 0 plugins.
Preloading 0 native plugins for Editor in 0.00 ms.
Invoked RoslynAnalysisRunner static constructor.
RoslynAnalysisRunner will not be running.
RoslynAnalysisRunner has terminated.
Mono: successfully reloaded assembly
- Completed reload, in  2.602 seconds
Platform modules already initialized, skipping
Refreshing native plugins compatible for Editor in 0.28 ms, found 0 plugins.
Preloading 0 native plugins for Editor in 0.00 ms.
Unloading 1143 Unused Serialized files (Serialized files now loaded: 0)
System memory in use before: 61.3 MB.
System memory in use after: 61.3 MB.

Unloading 8 unused Assets to reduce memory usage. Loaded Objects now: 1633.
Total: 4.871600 ms (FindLiveObjects: 0.414800 ms CreateObjectMapping: 0.240000 ms MarkObjects: 4.060700 ms  DeleteObjects: 0.153600 ms)

========================================================================
Received Prepare
Registering precompiled user dll's ...
Registered in 0.001238 seconds.
Begin MonoManager ReloadAssembly
Native extension for WindowsStandalone target not found
Refreshing native plugins compatible for Editor in 0.30 ms, found 0 plugins.
Preloading 0 native plugins for Editor in 0.00 ms.
Invoked RoslynAnalysisRunner static constructor.
RoslynAnalysisRunner will not be running.
RoslynAnalysisRunner has terminated.
Mono: successfully reloaded assembly
- Completed reload, in  4.050 seconds
Platform modules already initialized, skipping
Refreshing native plugins compatible for Editor in 0.31 ms, found 0 plugins.
Preloading 0 native plugins for Editor in 0.00 ms.
Unloading 1143 Unused Serialized files (Serialized files now loaded: 0)
System memory in use before: 61.3 MB.
System memory in use after: 61.3 MB.

Unloading 5 unused Assets to reduce memory usage. Loaded Objects now: 1636.
Total: 3.872100 ms (FindLiveObjects: 0.300700 ms CreateObjectMapping: 0.146500 ms MarkObjects: 3.277600 ms  DeleteObjects: 0.135100 ms)

========================================================================
Received Prepare
Registering precompiled user dll's ...
Registered in 0.006515 seconds.
Begin MonoManager ReloadAssembly
Native extension for WindowsStandalone target not found
Refreshing native plugins compatible for Editor in 0.25 ms, found 0 plugins.
Preloading 0 native plugins for Editor in 0.00 ms.
Invoked RoslynAnalysisRunner static constructor.
RoslynAnalysisRunner will not be running.
RoslynAnalysisRunner has terminated.
Mono: successfully reloaded assembly
- Completed reload, in  7.000 seconds
Platform modules already initialized, skipping
Refreshing native plugins compatible for Editor in 0.45 ms, found 0 plugins.
Preloading 0 native plugins for Editor in 0.00 ms.
Unloading 1143 Unused Serialized files (Serialized files now loaded: 0)
System memory in use before: 61.2 MB.
System memory in use after: 61.3 MB.

Unloading 5 unused Assets to reduce memory usage. Loaded Objects now: 1639.
Total: 4.399700 ms (FindLiveObjects: 0.280400 ms CreateObjectMapping: 0.092200 ms MarkObjects: 3.676200 ms  DeleteObjects: 0.348900 ms)

========================================================================
Received Prepare
Registering precompiled user dll's ...
Registered in 0.007122 seconds.
Begin MonoManager ReloadAssembly
Native extension for WindowsStandalone target not found
Refreshing native plugins compatible for Editor in 0.35 ms, found 0 plugins.
Preloading 0 native plugins for Editor in 0.00 ms.
Invoked RoslynAnalysisRunner static constructor.
RoslynAnalysisRunner will not be running.
RoslynAnalysisRunner has terminated.
Mono: successfully reloaded assembly
- Completed reload, in  3.169 seconds
Platform modules already initialized, skipping
Refreshing native plugins compatible for Editor in 0.26 ms, found 0 plugins.
Preloading 0 native plugins for Editor in 0.00 ms.
Unloading 1143 Unused Serialized files (Serialized files now loaded: 0)
System memory in use before: 61.2 MB.
System memory in use after: 61.3 MB.

Unloading 5 unused Assets to reduce memory usage. Loaded Objects now: 1642.
Total: 2.260000 ms (FindLiveObjects: 0.324300 ms CreateObjectMapping: 0.091400 ms MarkObjects: 1.751900 ms  DeleteObjects: 0.090500 ms)

========================================================================
Received Prepare
Registering precompiled user dll's ...
Registered in 0.001432 seconds.
Begin MonoManager ReloadAssembly
Native extension for WindowsStandalone target not found
Refreshing native plugins compatible for Editor in 0.47 ms, found 0 plugins.
Preloading 0 native plugins for Editor in 0.00 ms.
Invoked RoslynAnalysisRunner static constructor.
RoslynAnalysisRunner will not be running.
RoslynAnalysisRunner has terminated.
Mono: successfully reloaded assembly
- Completed reload, in  2.946 seconds
Platform modules already initialized, skipping
Refreshing native plugins compatible for Editor in 0.64 ms, found 0 plugins.
Preloading 0 native plugins for Editor in 0.00 ms.
Unloading 1143 Unused Serialized files (Serialized files now loaded: 0)
System memory in use before: 61.2 MB.
System memory in use after: 61.3 MB.

Unloading 5 unused Assets to reduce memory usage. Loaded Objects now: 1645.
Total: 8.526700 ms (FindLiveObjects: 0.319500 ms CreateObjectMapping: 0.085500 ms MarkObjects: 8.042000 ms  DeleteObjects: 0.077300 ms)

========================================================================
Received Prepare
Registering precompiled user dll's ...
Registered in 0.023594 seconds.
Begin MonoManager ReloadAssembly
Native extension for WindowsStandalone target not found
Refreshing native plugins compatible for Editor in 0.46 ms, found 0 plugins.
Preloading 0 native plugins for Editor in 0.00 ms.
Invoked RoslynAnalysisRunner static constructor.
RoslynAnalysisRunner will not be running.
RoslynAnalysisRunner has terminated.
Mono: successfully reloaded assembly
- Completed reload, in  6.279 seconds
Platform modules already initialized, skipping
Refreshing native plugins compatible for Editor in 2.00 ms, found 0 plugins.
Preloading 0 native plugins for Editor in 0.00 ms.
Unloading 1143 Unused Serialized files (Serialized files now loaded: 0)
System memory in use before: 61.2 MB.
System memory in use after: 61.3 MB.

Unloading 5 unused Assets to reduce memory usage. Loaded Objects now: 1648.
Total: 3.138300 ms (FindLiveObjects: 0.316500 ms CreateObjectMapping: 0.144600 ms MarkObjects: 2.599100 ms  DeleteObjects: 0.075000 ms)

========================================================================
Received Import Request.
  Time since last request: 1954.580823 seconds.
  path: Assets/Sounds/Master.mixer
  artifactKey: Guid(6c1d0e5e01d257f49afe9303361a7e76) Importer(815301076,1909f56bfc062723c751e8b465ee728b)
Start importing Assets/Sounds/Master.mixer using Guid(6c1d0e5e01d257f49afe9303361a7e76) Importer(815301076,1909f56bfc062723c751e8b465ee728b)  -> (artifact id: '9886e5d5f2d8ae6046f10f9988cd6f2e') in 0.164175 seconds
  Import took 0.194638 seconds .

========================================================================
Received Import Request.
  Time since last request: 3.703896 seconds.
  path: Assets/Sounds/Master.mixer
  artifactKey: Guid(6c1d0e5e01d257f49afe9303361a7e76) Importer(815301076,1909f56bfc062723c751e8b465ee728b)
Start importing Assets/Sounds/Master.mixer using Guid(6c1d0e5e01d257f49afe9303361a7e76) Importer(815301076,1909f56bfc062723c751e8b465ee728b)  -> (artifact id: 'af7261a3ae3d02c75a285060f9b96865') in 0.020972 seconds
  Import took 0.024753 seconds .

========================================================================
Received Import Request.
  Time since last request: 76.875789 seconds.
  path: Assets/Sounds/Master.mixer
  artifactKey: Guid(6c1d0e5e01d257f49afe9303361a7e76) Importer(815301076,1909f56bfc062723c751e8b465ee728b)
Start importing Assets/Sounds/Master.mixer using Guid(6c1d0e5e01d257f49afe9303361a7e76) Importer(815301076,1909f56bfc062723c751e8b465ee728b)  -> (artifact id: '7307619eee3873d184a3160facabac80') in 0.050493 seconds
  Import took 0.123745 seconds .

========================================================================
Received Import Request.
  Time since last request: 3.228103 seconds.
  path: Assets/Sprites
  artifactKey: Guid(0d2168ba4deefb043b35dfad04336834) Importer(815301076,1909f56bfc062723c751e8b465ee728b)
Start importing Assets/Sprites using Guid(0d2168ba4deefb043b35dfad04336834) Importer(815301076,1909f56bfc062723c751e8b465ee728b)  -> (artifact id: '80eadfad656e9f0276016aeab2c5d8cd') in 0.039806 seconds
  Import took 0.043445 seconds .

========================================================================
Received Prepare
Registering precompiled user dll's ...
Registered in 0.001647 seconds.
Begin MonoManager ReloadAssembly
Native extension for WindowsStandalone target not found
Refreshing native plugins compatible for Editor in 0.27 ms, found 0 plugins.
Preloading 0 native plugins for Editor in 0.00 ms.
Invoked RoslynAnalysisRunner static constructor.
RoslynAnalysisRunner will not be running.
RoslynAnalysisRunner has terminated.
Mono: successfully reloaded assembly
- Completed reload, in  2.233 seconds
Platform modules already initialized, skipping
Refreshing native plugins compatible for Editor in 0.32 ms, found 0 plugins.
Preloading 0 native plugins for Editor in 0.00 ms.
Unloading 1143 Unused Serialized files (Serialized files now loaded: 0)
System memory in use before: 61.2 MB.
System memory in use after: 61.3 MB.

Unloading 5 unused Assets to reduce memory usage. Loaded Objects now: 1651.
Total: 3.839900 ms (FindLiveObjects: 0.306500 ms CreateObjectMapping: 0.083300 ms MarkObjects: 3.144800 ms  DeleteObjects: 0.302900 ms)

========================================================================
Received Import Request.
  Time since last request: 1083.231704 seconds.
  path: Assets/Scenes
  artifactKey: Guid(039fc3b678c36024f9de9c7a6b906780) Importer(815301076,1909f56bfc062723c751e8b465ee728b)
Start importing Assets/Scenes using Guid(039fc3b678c36024f9de9c7a6b906780) Importer(815301076,1909f56bfc062723c751e8b465ee728b)  -> (artifact id: 'b9ea91acfc881e9d60f2608948fa7952') in 0.068256 seconds
  Import took 0.073018 seconds .

========================================================================
Received Import Request.
  Time since last request: 5.672369 seconds.
  path: Assets/Scenes/HomeScene.unity
  artifactKey: Guid(2e3bd3dea15fd6a49be27c9520bc5555) Importer(815301076,1909f56bfc062723c751e8b465ee728b)
Start importing Assets/Scenes/HomeScene.unity using Guid(2e3bd3dea15fd6a49be27c9520bc5555) Importer(815301076,1909f56bfc062723c751e8b465ee728b)  -> (artifact id: 'd41d2392cee5b1f8e35bcb936ac45759') in 0.053578 seconds
  Import took 0.110672 seconds .

========================================================================
Received Import Request.
  Time since last request: 143.850366 seconds.
  path: Assets/Scenes/GamePlay.unity
  artifactKey: Guid(4b6aa0f4286ac994081f5dd6b21b9024) Importer(815301076,1909f56bfc062723c751e8b465ee728b)
Start importing Assets/Scenes/GamePlay.unity using Guid(4b6aa0f4286ac994081f5dd6b21b9024) Importer(815301076,1909f56bfc062723c751e8b465ee728b)  -> (artifact id: '107ce14093d52805b0750a6281cc1168') in 0.028008 seconds
  Import took 0.074277 seconds .

========================================================================
Received Import Request.
  Time since last request: 4.114203 seconds.
  path: Assets/Scenes/GamePlayScene.unity
  artifactKey: Guid(4b6aa0f4286ac994081f5dd6b21b9024) Importer(815301076,1909f56bfc062723c751e8b465ee728b)
Start importing Assets/Scenes/GamePlayScene.unity using Guid(4b6aa0f4286ac994081f5dd6b21b9024) Importer(815301076,1909f56bfc062723c751e8b465ee728b)  -> (artifact id: 'be1763eb152bd13be807079cf98d41ad') in 0.097539 seconds
  Import took 0.142945 seconds .

========================================================================
Received Import Request.
  Time since last request: 141.514379 seconds.
  path: Assets/Materials
  artifactKey: Guid(f1f0c375b94ab9747a77dfa5ba9708d1) Importer(815301076,1909f56bfc062723c751e8b465ee728b)
Start importing Assets/Materials using Guid(f1f0c375b94ab9747a77dfa5ba9708d1) Importer(815301076,1909f56bfc062723c751e8b465ee728b)  -> (artifact id: '0770daad857ba5094f4070a6aa7e50f0') in 0.032489 seconds
  Import took 0.058702 seconds .

========================================================================
Received Import Request.
  Time since last request: 7.580819 seconds.
  path: Assets/Materials/Red.mat
  artifactKey: Guid(ee3e9dc9f1fe4fc49a75fd937cfae1b1) Importer(815301076,1909f56bfc062723c751e8b465ee728b)
Start importing Assets/Materials/Red.mat using Guid(ee3e9dc9f1fe4fc49a75fd937cfae1b1) Importer(815301076,1909f56bfc062723c751e8b465ee728b)  -> (artifact id: 'deb50c380b0182ad7c722bcec91e9dad') in 0.433854 seconds
  Import took 0.462593 seconds .

========================================================================
Received Import Request.
  Time since last request: 14.405567 seconds.
  path: Assets/Materials/Yellow.mat
  artifactKey: Guid(a9498c616b8bd164b822ffee72246fb4) Importer(815301076,1909f56bfc062723c751e8b465ee728b)
Start importing Assets/Materials/Yellow.mat using Guid(a9498c616b8bd164b822ffee72246fb4) Importer(815301076,1909f56bfc062723c751e8b465ee728b)  -> (artifact id: '6f65ad0a3d60eb7da425dac0d0606598') in 0.135170 seconds
  Import took 0.138682 seconds .

========================================================================
Received Import Request.
  Time since last request: 118.557103 seconds.
  path: Assets/Prefabs/Bird.prefab
  artifactKey: Guid(d6d99f90a3297ab4ebbd016ff4eecc8e) Importer(815301076,1909f56bfc062723c751e8b465ee728b)
Start importing Assets/Prefabs/Bird.prefab using Guid(d6d99f90a3297ab4ebbd016ff4eecc8e) Importer(815301076,1909f56bfc062723c751e8b465ee728b)  -> (artifact id: '2de558f0a17a321589fdc95740a6a46c') in 0.216629 seconds
  Import took 0.255474 seconds .

========================================================================
Received Import Request.
  Time since last request: 84.215041 seconds.
  path: Assets/Prefabs/Bird.prefab
  artifactKey: Guid(d6d99f90a3297ab4ebbd016ff4eecc8e) Importer(815301076,1909f56bfc062723c751e8b465ee728b)
Start importing Assets/Prefabs/Bird.prefab using Guid(d6d99f90a3297ab4ebbd016ff4eecc8e) Importer(815301076,1909f56bfc062723c751e8b465ee728b)  -> (artifact id: 'ae4a1828776e5c793df44566beff0b2a') in 1.824453 seconds
  Import took 2.043848 seconds .

========================================================================
Received Import Request.
  Time since last request: 205.800333 seconds.
  path: Assets/Materials/Green.mat
  artifactKey: Guid(0ab4bc98d23f0f748934d36920422388) Importer(815301076,1909f56bfc062723c751e8b465ee728b)
Start importing Assets/Materials/Green.mat using Guid(0ab4bc98d23f0f748934d36920422388) Importer(815301076,1909f56bfc062723c751e8b465ee728b)  -> (artifact id: '2ca30e3f0498e3db465d080fb89da377') in 0.099503 seconds
  Import took 0.113199 seconds .

========================================================================
Received Import Request.
  Time since last request: 20.616444 seconds.
  path: Assets/Prefabs/Pipe.prefab
  artifactKey: Guid(719e54498b28f804cac8d94f052113d5) Importer(815301076,1909f56bfc062723c751e8b465ee728b)
Start importing Assets/Prefabs/Pipe.prefab using Guid(719e54498b28f804cac8d94f052113d5) Importer(815301076,1909f56bfc062723c751e8b465ee728b)  -> (artifact id: 'edcabaf5bef7f9d1d97dca7972373e37') in 0.207778 seconds
  Import took 0.230470 seconds .

========================================================================
Received Import Request.
  Time since last request: 0.006505 seconds.
  path: Assets/Prefabs/Pipe.prefab
  artifactKey: Guid(719e54498b28f804cac8d94f052113d5) Importer(815301076,1909f56bfc062723c751e8b465ee728b)
Start importing Assets/Prefabs/Pipe.prefab using Guid(719e54498b28f804cac8d94f052113d5) Importer(815301076,1909f56bfc062723c751e8b465ee728b)  -> (artifact id: 'edcabaf5bef7f9d1d97dca7972373e37') in 0.102572 seconds
  Import took 0.109128 seconds .

========================================================================
Received Import Request.
  Time since last request: 269.923309 seconds.
  path: ProjectSettings/TagManager.asset
  artifactKey: Guid(00000000000000003000000000000000) Importer(815301076,1909f56bfc062723c751e8b465ee728b)
Start importing ProjectSettings/TagManager.asset using Guid(00000000000000003000000000000000) Importer(815301076,1909f56bfc062723c751e8b465ee728b)  -> (artifact id: '4e1ade904f8483502412a943970edefa') in 0.059458 seconds
  Import took 0.089035 seconds .

========================================================================
Received Import Request.
  Time since last request: 123.114488 seconds.
  path: Assets/Prefabs/Pipes.prefab
  artifactKey: Guid(ec9ae63a8f8fc5f4e99331f40c708a79) Importer(815301076,1909f56bfc062723c751e8b465ee728b)
Start importing Assets/Prefabs/Pipes.prefab using Guid(ec9ae63a8f8fc5f4e99331f40c708a79) Importer(815301076,1909f56bfc062723c751e8b465ee728b)  -> (artifact id: '42c3770b40ac5b141d24c56c598824d1') in 0.177493 seconds
  Import took 0.197947 seconds .

========================================================================
Received Import Request.
  Time since last request: 19.985073 seconds.
  path: Assets/Prefabs/Pipes.prefab
  artifactKey: Guid(ec9ae63a8f8fc5f4e99331f40c708a79) Importer(815301076,1909f56bfc062723c751e8b465ee728b)
Start importing Assets/Prefabs/Pipes.prefab using Guid(ec9ae63a8f8fc5f4e99331f40c708a79) Importer(815301076,1909f56bfc062723c751e8b465ee728b)  -> (artifact id: '85650eaed4913b8c76ff25ab4f337703') in 0.107764 seconds
  Import took 0.123771 seconds .

========================================================================
Received Import Request.
  Time since last request: 181.621617 seconds.
  path: Assets/Scripts/GamePlayManager.cs
  artifactKey: Guid(7c96dfbbd7ec87e48bedfd73d44c12de) Importer(815301076,1909f56bfc062723c751e8b465ee728b)
Start importing Assets/Scripts/GamePlayManager.cs using Guid(7c96dfbbd7ec87e48bedfd73d44c12de) Importer(815301076,1909f56bfc062723c751e8b465ee728b)  -> (artifact id: '4d86ccd6db02a40f33b7dd7258931b5f') in 0.061935 seconds
  Import took 0.065662 seconds .

========================================================================
Received Prepare
Registering precompiled user dll's ...
Registered in 0.010680 seconds.
Begin MonoManager ReloadAssembly
Native extension for WindowsStandalone target not found
Refreshing native plugins compatible for Editor in 0.32 ms, found 0 plugins.
Preloading 0 native plugins for Editor in 0.00 ms.
Invoked RoslynAnalysisRunner static constructor.
RoslynAnalysisRunner will not be running.
RoslynAnalysisRunner has terminated.
Mono: successfully reloaded assembly
- Completed reload, in  3.021 seconds
Platform modules already initialized, skipping
Refreshing native plugins compatible for Editor in 0.29 ms, found 0 plugins.
Preloading 0 native plugins for Editor in 0.00 ms.
Unloading 1144 Unused Serialized files (Serialized files now loaded: 0)
System memory in use before: 61.7 MB.
System memory in use after: 61.7 MB.

Unloading 7 unused Assets to reduce memory usage. Loaded Objects now: 1696.
Total: 4.244100 ms (FindLiveObjects: 0.379000 ms CreateObjectMapping: 0.327700 ms MarkObjects: 3.448100 ms  DeleteObjects: 0.086200 ms)

========================================================================
Received Prepare
Registering precompiled user dll's ...
Registered in 0.003432 seconds.
Begin MonoManager ReloadAssembly
Native extension for WindowsStandalone target not found
Refreshing native plugins compatible for Editor in 0.32 ms, found 0 plugins.
Preloading 0 native plugins for Editor in 0.00 ms.
Invoked RoslynAnalysisRunner static constructor.
RoslynAnalysisRunner will not be running.
RoslynAnalysisRunner has terminated.
Mono: successfully reloaded assembly
- Completed reload, in  3.162 seconds
Platform modules already initialized, skipping
Refreshing native plugins compatible for Editor in 0.34 ms, found 0 plugins.
Preloading 0 native plugins for Editor in 0.00 ms.
Unloading 1144 Unused Serialized files (Serialized files now loaded: 0)
System memory in use before: 61.7 MB.
System memory in use after: 61.7 MB.

Unloading 5 unused Assets to reduce memory usage. Loaded Objects now: 1699.
Total: 3.718300 ms (FindLiveObjects: 0.495300 ms CreateObjectMapping: 0.570900 ms MarkObjects: 2.529700 ms  DeleteObjects: 0.119000 ms)

========================================================================
Received Prepare
Registering precompiled user dll's ...
Registered in 0.004670 seconds.
Begin MonoManager ReloadAssembly
Native extension for WindowsStandalone target not found
Refreshing native plugins compatible for Editor in 0.28 ms, found 0 plugins.
Preloading 0 native plugins for Editor in 0.00 ms.
Invoked RoslynAnalysisRunner static constructor.
RoslynAnalysisRunner will not be running.
RoslynAnalysisRunner has terminated.
Mono: successfully reloaded assembly
- Completed reload, in  3.115 seconds
Platform modules already initialized, skipping
Refreshing native plugins compatible for Editor in 0.26 ms, found 0 plugins.
Preloading 0 native plugins for Editor in 0.00 ms.
Unloading 1144 Unused Serialized files (Serialized files now loaded: 0)
System memory in use before: 61.7 MB.
System memory in use after: 61.8 MB.

Unloading 5 unused Assets to reduce memory usage. Loaded Objects now: 1702.
Total: 15.200400 ms (FindLiveObjects: 0.286100 ms CreateObjectMapping: 3.573500 ms MarkObjects: 11.230900 ms  DeleteObjects: 0.107400 ms)

========================================================================
Received Prepare
Registering precompiled user dll's ...
Registered in 0.003631 seconds.
Begin MonoManager ReloadAssembly
Native extension for WindowsStandalone target not found
Refreshing native plugins compatible for Editor in 0.29 ms, found 0 plugins.
Preloading 0 native plugins for Editor in 0.00 ms.
Invoked RoslynAnalysisRunner static constructor.
RoslynAnalysisRunner will not be running.
RoslynAnalysisRunner has terminated.
Mono: successfully reloaded assembly
- Completed reload, in  2.983 seconds
Platform modules already initialized, skipping
Refreshing native plugins compatible for Editor in 0.36 ms, found 0 plugins.
Preloading 0 native plugins for Editor in 0.00 ms.
Unloading 1144 Unused Serialized files (Serialized files now loaded: 0)
System memory in use before: 61.7 MB.
System memory in use after: 61.8 MB.

Unloading 5 unused Assets to reduce memory usage. Loaded Objects now: 1705.
Total: 3.034400 ms (FindLiveObjects: 1.055600 ms CreateObjectMapping: 0.073400 ms MarkObjects: 1.839500 ms  DeleteObjects: 0.063800 ms)

========================================================================
Received Prepare
Registering precompiled user dll's ...
Registered in 0.002714 seconds.
Begin MonoManager ReloadAssembly
Native extension for WindowsStandalone target not found
Refreshing native plugins compatible for Editor in 0.26 ms, found 0 plugins.
Preloading 0 native plugins for Editor in 0.00 ms.
Invoked RoslynAnalysisRunner static constructor.
RoslynAnalysisRunner will not be running.
RoslynAnalysisRunner has terminated.
Mono: successfully reloaded assembly
- Completed reload, in  3.459 seconds
Platform modules already initialized, skipping
Refreshing native plugins compatible for Editor in 0.27 ms, found 0 plugins.
Preloading 0 native plugins for Editor in 0.00 ms.
Unloading 1144 Unused Serialized files (Serialized files now loaded: 0)
System memory in use before: 61.7 MB.
System memory in use after: 61.8 MB.

Unloading 5 unused Assets to reduce memory usage. Loaded Objects now: 1708.
Total: 2.344000 ms (FindLiveObjects: 0.188900 ms CreateObjectMapping: 0.048900 ms MarkObjects: 2.007700 ms  DeleteObjects: 0.097000 ms)

========================================================================
Received Prepare
Registering precompiled user dll's ...
Registered in 0.006101 seconds.
Begin MonoManager ReloadAssembly
Native extension for WindowsStandalone target not found
Refreshing native plugins compatible for Editor in 0.32 ms, found 0 plugins.
Preloading 0 native plugins for Editor in 0.00 ms.
Invoked RoslynAnalysisRunner static constructor.
RoslynAnalysisRunner will not be running.
RoslynAnalysisRunner has terminated.
Mono: successfully reloaded assembly
- Completed reload, in  2.092 seconds
Platform modules already initialized, skipping
Refreshing native plugins compatible for Editor in 4.82 ms, found 0 plugins.
Preloading 0 native plugins for Editor in 0.00 ms.
Unloading 1144 Unused Serialized files (Serialized files now loaded: 0)
System memory in use before: 61.7 MB.
System memory in use after: 61.8 MB.

Unloading 5 unused Assets to reduce memory usage. Loaded Objects now: 1711.
Total: 2.583900 ms (FindLiveObjects: 0.295600 ms CreateObjectMapping: 0.051600 ms MarkObjects: 2.169000 ms  DeleteObjects: 0.065800 ms)

========================================================================
Received Prepare
Registering precompiled user dll's ...
Registered in 0.001954 seconds.
Begin MonoManager ReloadAssembly
Native extension for WindowsStandalone target not found
Refreshing native plugins compatible for Editor in 0.31 ms, found 0 plugins.
Preloading 0 native plugins for Editor in 0.00 ms.
Invoked RoslynAnalysisRunner static constructor.
RoslynAnalysisRunner will not be running.
RoslynAnalysisRunner has terminated.
Mono: successfully reloaded assembly
- Completed reload, in  2.449 seconds
Platform modules already initialized, skipping
Refreshing native plugins compatible for Editor in 0.31 ms, found 0 plugins.
Preloading 0 native plugins for Editor in 0.00 ms.
Unloading 1144 Unused Serialized files (Serialized files now loaded: 0)
System memory in use before: 61.7 MB.
System memory in use after: 61.8 MB.

Unloading 5 unused Assets to reduce memory usage. Loaded Objects now: 1714.
Total: 2.958400 ms (FindLiveObjects: 0.674600 ms CreateObjectMapping: 0.267800 ms MarkObjects: 1.947100 ms  DeleteObjects: 0.067400 ms)

========================================================================
Received Import Request.
  Time since last request: 655.897738 seconds.
  path: Assets/Scripts/BirdController.cs
  artifactKey: Guid(6c3ac59743776f6419f09d249b74da9e) Importer(815301076,1909f56bfc062723c751e8b465ee728b)
Start importing Assets/Scripts/BirdController.cs using Guid(6c3ac59743776f6419f09d249b74da9e) Importer(815301076,1909f56bfc062723c751e8b465ee728b)  -> (artifact id: '64c2719dfcc2c5e66fc047f05749cb82') in 0.516971 seconds
  Import took 0.529519 seconds .

========================================================================
Received Prepare
Registering precompiled user dll's ...
Registered in 0.022531 seconds.
Begin MonoManager ReloadAssembly
Native extension for WindowsStandalone target not found
Refreshing native plugins compatible for Editor in 0.30 ms, found 0 plugins.
Preloading 0 native plugins for Editor in 0.00 ms.
Invoked RoslynAnalysisRunner static constructor.
RoslynAnalysisRunner will not be running.
RoslynAnalysisRunner has terminated.
Mono: successfully reloaded assembly
- Completed reload, in  2.589 seconds
Platform modules already initialized, skipping
Refreshing native plugins compatible for Editor in 0.38 ms, found 0 plugins.
Preloading 0 native plugins for Editor in 0.00 ms.
Unloading 1145 Unused Serialized files (Serialized files now loaded: 0)
System memory in use before: 61.7 MB.
System memory in use after: 61.8 MB.

Unloading 5 unused Assets to reduce memory usage. Loaded Objects now: 1718.
Total: 2.410300 ms (FindLiveObjects: 0.220800 ms CreateObjectMapping: 0.045100 ms MarkObjects: 2.084300 ms  DeleteObjects: 0.058700 ms)

========================================================================
Received Import Request.
  Time since last request: 73.311609 seconds.
  path: Assets/Prefabs/Bird.prefab
  artifactKey: Guid(d6d99f90a3297ab4ebbd016ff4eecc8e) Importer(815301076,1909f56bfc062723c751e8b465ee728b)
Start importing Assets/Prefabs/Bird.prefab using Guid(d6d99f90a3297ab4ebbd016ff4eecc8e) Importer(815301076,1909f56bfc062723c751e8b465ee728b)  -> (artifact id: '37c6081435c1776534ddfb2bab75c2f4') in 0.192683 seconds
  Import took 0.196463 seconds .

========================================================================
Received Prepare
Registering precompiled user dll's ...
Registered in 0.001772 seconds.
Begin MonoManager ReloadAssembly
Native extension for WindowsStandalone target not found
Refreshing native plugins compatible for Editor in 0.33 ms, found 0 plugins.
Preloading 0 native plugins for Editor in 0.00 ms.
Invoked RoslynAnalysisRunner static constructor.
RoslynAnalysisRunner will not be running.
RoslynAnalysisRunner has terminated.
Mono: successfully reloaded assembly
- Completed reload, in  8.913 seconds
Platform modules already initialized, skipping
Refreshing native plugins compatible for Editor in 0.79 ms, found 0 plugins.
Preloading 0 native plugins for Editor in 0.00 ms.
Unloading 1145 Unused Serialized files (Serialized files now loaded: 0)
System memory in use before: 61.7 MB.
System memory in use after: 61.8 MB.

Unloading 5 unused Assets to reduce memory usage. Loaded Objects now: 1722.
Total: 7.661800 ms (FindLiveObjects: 0.264600 ms CreateObjectMapping: 0.113800 ms MarkObjects: 7.179300 ms  DeleteObjects: 0.101600 ms)

========================================================================
Received Prepare
Registering precompiled user dll's ...
Registered in 0.001274 seconds.
Begin MonoManager ReloadAssembly
Native extension for WindowsStandalone target not found
Refreshing native plugins compatible for Editor in 2.16 ms, found 0 plugins.
Preloading 0 native plugins for Editor in 0.00 ms.
Invoked RoslynAnalysisRunner static constructor.
RoslynAnalysisRunner will not be running.
RoslynAnalysisRunner has terminated.
Mono: successfully reloaded assembly
- Completed reload, in  2.022 seconds
Platform modules already initialized, skipping
Refreshing native plugins compatible for Editor in 0.24 ms, found 0 plugins.
Preloading 0 native plugins for Editor in 0.00 ms.
Unloading 1145 Unused Serialized files (Serialized files now loaded: 0)
System memory in use before: 61.7 MB.
System memory in use after: 61.8 MB.

Unloading 5 unused Assets to reduce memory usage. Loaded Objects now: 1725.
Total: 3.827400 ms (FindLiveObjects: 0.241500 ms CreateObjectMapping: 1.062000 ms MarkObjects: 2.418800 ms  DeleteObjects: 0.103500 ms)

========================================================================
Received Prepare
Registering precompiled user dll's ...
Registered in 0.002019 seconds.
Begin MonoManager ReloadAssembly
Native extension for WindowsStandalone target not found
Refreshing native plugins compatible for Editor in 0.26 ms, found 0 plugins.
Preloading 0 native plugins for Editor in 0.00 ms.
Invoked RoslynAnalysisRunner static constructor.
RoslynAnalysisRunner will not be running.
RoslynAnalysisRunner has terminated.
Mono: successfully reloaded assembly
- Completed reload, in  2.016 seconds
Platform modules already initialized, skipping
Refreshing native plugins compatible for Editor in 2.59 ms, found 0 plugins.
Preloading 0 native plugins for Editor in 0.00 ms.
Unloading 1145 Unused Serialized files (Serialized files now loaded: 0)
System memory in use before: 61.7 MB.
System memory in use after: 61.8 MB.

Unloading 5 unused Assets to reduce memory usage. Loaded Objects now: 1728.
Total: 2.440700 ms (FindLiveObjects: 0.223900 ms CreateObjectMapping: 0.054100 ms MarkObjects: 2.094800 ms  DeleteObjects: 0.065900 ms)

========================================================================
Received Prepare
Registering precompiled user dll's ...
Registered in 0.001913 seconds.
Begin MonoManager ReloadAssembly
Native extension for WindowsStandalone target not found
Refreshing native plugins compatible for Editor in 0.26 ms, found 0 plugins.
Preloading 0 native plugins for Editor in 0.00 ms.
Invoked RoslynAnalysisRunner static constructor.
RoslynAnalysisRunner will not be running.
RoslynAnalysisRunner has terminated.
Mono: successfully reloaded assembly
- Completed reload, in  3.099 seconds
Platform modules already initialized, skipping
Refreshing native plugins compatible for Editor in 0.33 ms, found 0 plugins.
Preloading 0 native plugins for Editor in 0.00 ms.
Unloading 1145 Unused Serialized files (Serialized files now loaded: 0)
System memory in use before: 61.7 MB.
System memory in use after: 61.8 MB.

Unloading 5 unused Assets to reduce memory usage. Loaded Objects now: 1731.
Total: 4.712100 ms (FindLiveObjects: 0.356500 ms CreateObjectMapping: 0.151800 ms MarkObjects: 4.091900 ms  DeleteObjects: 0.108100 ms)

========================================================================
Received Prepare
Registering precompiled user dll's ...
Registered in 0.001976 seconds.
Begin MonoManager ReloadAssembly
Native extension for WindowsStandalone target not found
Refreshing native plugins compatible for Editor in 0.32 ms, found 0 plugins.
Preloading 0 native plugins for Editor in 0.00 ms.
Invoked RoslynAnalysisRunner static constructor.
RoslynAnalysisRunner will not be running.
RoslynAnalysisRunner has terminated.
Mono: successfully reloaded assembly
- Completed reload, in  2.344 seconds
Platform modules already initialized, skipping
Refreshing native plugins compatible for Editor in 0.26 ms, found 0 plugins.
Preloading 0 native plugins for Editor in 0.00 ms.
Unloading 1145 Unused Serialized files (Serialized files now loaded: 0)
System memory in use before: 61.7 MB.
System memory in use after: 61.8 MB.

Unloading 5 unused Assets to reduce memory usage. Loaded Objects now: 1734.
Total: 3.289900 ms (FindLiveObjects: 0.236700 ms CreateObjectMapping: 0.054000 ms MarkObjects: 2.627800 ms  DeleteObjects: 0.368800 ms)

========================================================================
Received Prepare
Registering precompiled user dll's ...
Registered in 0.001545 seconds.
Begin MonoManager ReloadAssembly
Native extension for WindowsStandalone target not found
Refreshing native plugins compatible for Editor in 0.30 ms, found 0 plugins.
Preloading 0 native plugins for Editor in 0.00 ms.
Invoked RoslynAnalysisRunner static constructor.
RoslynAnalysisRunner will not be running.
RoslynAnalysisRunner has terminated.
Mono: successfully reloaded assembly
- Completed reload, in  2.863 seconds
Platform modules already initialized, skipping
Refreshing native plugins compatible for Editor in 10.47 ms, found 0 plugins.
Preloading 0 native plugins for Editor in 0.00 ms.
Unloading 1145 Unused Serialized files (Serialized files now loaded: 0)
System memory in use before: 61.7 MB.
System memory in use after: 61.8 MB.

Unloading 5 unused Assets to reduce memory usage. Loaded Objects now: 1737.
Total: 2.198200 ms (FindLiveObjects: 0.223000 ms CreateObjectMapping: 0.053700 ms MarkObjects: 1.837100 ms  DeleteObjects: 0.082700 ms)

========================================================================
Received Prepare
Registering precompiled user dll's ...
Registered in 0.007707 seconds.
Begin MonoManager ReloadAssembly
Native extension for WindowsStandalone target not found
Refreshing native plugins compatible for Editor in 1.21 ms, found 0 plugins.
Preloading 0 native plugins for Editor in 0.00 ms.
Invoked RoslynAnalysisRunner static constructor.
RoslynAnalysisRunner will not be running.
RoslynAnalysisRunner has terminated.
Mono: successfully reloaded assembly
- Completed reload, in  1.903 seconds
Platform modules already initialized, skipping
Refreshing native plugins compatible for Editor in 0.30 ms, found 0 plugins.
Preloading 0 native plugins for Editor in 0.00 ms.
Unloading 1145 Unused Serialized files (Serialized files now loaded: 0)
System memory in use before: 61.8 MB.
System memory in use after: 61.8 MB.

Unloading 5 unused Assets to reduce memory usage. Loaded Objects now: 1740.
Total: 5.166400 ms (FindLiveObjects: 0.215900 ms CreateObjectMapping: 0.060000 ms MarkObjects: 4.710600 ms  DeleteObjects: 0.177200 ms)

========================================================================
Received Prepare
Registering precompiled user dll's ...
Registered in 0.010170 seconds.
Begin MonoManager ReloadAssembly
Native extension for WindowsStandalone target not found
Refreshing native plugins compatible for Editor in 0.25 ms, found 0 plugins.
Preloading 0 native plugins for Editor in 0.00 ms.
Invoked RoslynAnalysisRunner static constructor.
RoslynAnalysisRunner will not be running.
RoslynAnalysisRunner has terminated.
Mono: successfully reloaded assembly
- Completed reload, in  2.857 seconds
Platform modules already initialized, skipping
Refreshing native plugins compatible for Editor in 0.30 ms, found 0 plugins.
Preloading 0 native plugins for Editor in 0.00 ms.
Unloading 1146 Unused Serialized files (Serialized files now loaded: 0)
System memory in use before: 61.8 MB.
System memory in use after: 61.9 MB.

Unloading 5 unused Assets to reduce memory usage. Loaded Objects now: 1744.
Total: 2.530400 ms (FindLiveObjects: 0.200500 ms CreateObjectMapping: 0.051600 ms MarkObjects: 2.205000 ms  DeleteObjects: 0.071400 ms)

========================================================================
Received Prepare
Registering precompiled user dll's ...
Registered in 0.001328 seconds.
Begin MonoManager ReloadAssembly
Native extension for WindowsStandalone target not found
Refreshing native plugins compatible for Editor in 1.71 ms, found 0 plugins.
Preloading 0 native plugins for Editor in 0.00 ms.
Invoked RoslynAnalysisRunner static constructor.
RoslynAnalysisRunner will not be running.
RoslynAnalysisRunner has terminated.
Mono: successfully reloaded assembly
- Completed reload, in  2.177 seconds
Platform modules already initialized, skipping
Refreshing native plugins compatible for Editor in 0.28 ms, found 0 plugins.
Preloading 0 native plugins for Editor in 0.00 ms.
Unloading 1146 Unused Serialized files (Serialized files now loaded: 0)
System memory in use before: 61.8 MB.
System memory in use after: 61.9 MB.

Unloading 5 unused Assets to reduce memory usage. Loaded Objects now: 1747.
Total: 2.078300 ms (FindLiveObjects: 0.204800 ms CreateObjectMapping: 0.049100 ms MarkObjects: 1.738700 ms  DeleteObjects: 0.084000 ms)

========================================================================
Received Import Request.
  Time since last request: 1172.854691 seconds.
  path: Assets/Scripts/CameraFollow.cs
  artifactKey: Guid(022a82d6589b0a945881ec243c47f757) Importer(815301076,1909f56bfc062723c751e8b465ee728b)
Start importing Assets/Scripts/CameraFollow.cs using Guid(022a82d6589b0a945881ec243c47f757) Importer(815301076,1909f56bfc062723c751e8b465ee728b)  -> (artifact id: 'a0d262adc71f55a640f05779e0258b58') in 0.017086 seconds
  Import took 0.027041 seconds .

========================================================================
Received Prepare
Registering precompiled user dll's ...
Registered in 0.001486 seconds.
Begin MonoManager ReloadAssembly
Native extension for WindowsStandalone target not found
Refreshing native plugins compatible for Editor in 0.50 ms, found 0 plugins.
Preloading 0 native plugins for Editor in 0.00 ms.
Invoked RoslynAnalysisRunner static constructor.
RoslynAnalysisRunner will not be running.
RoslynAnalysisRunner has terminated.
Mono: successfully reloaded assembly
- Completed reload, in  2.446 seconds
Platform modules already initialized, skipping
Refreshing native plugins compatible for Editor in 0.33 ms, found 0 plugins.
Preloading 0 native plugins for Editor in 0.00 ms.
Unloading 1146 Unused Serialized files (Serialized files now loaded: 0)
System memory in use before: 61.8 MB.
System memory in use after: 61.9 MB.

Unloading 5 unused Assets to reduce memory usage. Loaded Objects now: 1750.
Total: 5.898500 ms (FindLiveObjects: 0.197700 ms CreateObjectMapping: 0.049900 ms MarkObjects: 5.558800 ms  DeleteObjects: 0.090100 ms)

========================================================================
Received Import Request.
  Time since last request: 214.973861 seconds.
  path: Assets/Scripts/CameraFollow.cs
  artifactKey: Guid(022a82d6589b0a945881ec243c47f757) Importer(815301076,1909f56bfc062723c751e8b465ee728b)
Start importing Assets/Scripts/CameraFollow.cs using Guid(022a82d6589b0a945881ec243c47f757) Importer(815301076,1909f56bfc062723c751e8b465ee728b)  -> (artifact id: '9047bb5ec9b9d2860c8ccc4c24117bd0') in 0.022332 seconds
  Import took 0.058194 seconds .

========================================================================
Received Prepare
Registering precompiled user dll's ...
Registered in 0.001479 seconds.
Begin MonoManager ReloadAssembly
Native extension for WindowsStandalone target not found
Refreshing native plugins compatible for Editor in 0.40 ms, found 0 plugins.
Preloading 0 native plugins for Editor in 0.00 ms.
Invoked RoslynAnalysisRunner static constructor.
RoslynAnalysisRunner will not be running.
RoslynAnalysisRunner has terminated.
Mono: successfully reloaded assembly
- Completed reload, in  3.286 seconds
Platform modules already initialized, skipping
Refreshing native plugins compatible for Editor in 0.30 ms, found 0 plugins.
Preloading 0 native plugins for Editor in 0.00 ms.
Unloading 1146 Unused Serialized files (Serialized files now loaded: 0)
System memory in use before: 61.8 MB.
System memory in use after: 61.9 MB.

Unloading 5 unused Assets to reduce memory usage. Loaded Objects now: 1753.
Total: 2.983700 ms (FindLiveObjects: 0.367700 ms CreateObjectMapping: 0.316500 ms MarkObjects: 2.228200 ms  DeleteObjects: 0.069700 ms)

========================================================================
Received Prepare
Registering precompiled user dll's ...
Registered in 0.002258 seconds.
Begin MonoManager ReloadAssembly
Native extension for WindowsStandalone target not found
Refreshing native plugins compatible for Editor in 0.26 ms, found 0 plugins.
Preloading 0 native plugins for Editor in 0.00 ms.
Invoked RoslynAnalysisRunner static constructor.
RoslynAnalysisRunner will not be running.
RoslynAnalysisRunner has terminated.
Mono: successfully reloaded assembly
- Completed reload, in  2.453 seconds
Platform modules already initialized, skipping
Refreshing native plugins compatible for Editor in 0.26 ms, found 0 plugins.
Preloading 0 native plugins for Editor in 0.00 ms.
Unloading 1146 Unused Serialized files (Serialized files now loaded: 0)
System memory in use before: 61.8 MB.
System memory in use after: 61.9 MB.

Unloading 5 unused Assets to reduce memory usage. Loaded Objects now: 1756.
Total: 2.194700 ms (FindLiveObjects: 0.173700 ms CreateObjectMapping: 0.045900 ms MarkObjects: 1.897600 ms  DeleteObjects: 0.076100 ms)

========================================================================
Received Prepare
Registering precompiled user dll's ...
Registered in 0.001977 seconds.
Begin MonoManager ReloadAssembly
Native extension for WindowsStandalone target not found
Refreshing native plugins compatible for Editor in 0.24 ms, found 0 plugins.
Preloading 0 native plugins for Editor in 0.00 ms.
Invoked RoslynAnalysisRunner static constructor.
RoslynAnalysisRunner will not be running.
RoslynAnalysisRunner has terminated.
Mono: successfully reloaded assembly
- Completed reload, in  4.694 seconds
Platform modules already initialized, skipping
Refreshing native plugins compatible for Editor in 0.31 ms, found 0 plugins.
Preloading 0 native plugins for Editor in 0.00 ms.
Unloading 1146 Unused Serialized files (Serialized files now loaded: 0)
System memory in use before: 61.8 MB.
System memory in use after: 61.9 MB.

Unloading 5 unused Assets to reduce memory usage. Loaded Objects now: 1759.
Total: 3.039900 ms (FindLiveObjects: 0.225500 ms CreateObjectMapping: 0.088900 ms MarkObjects: 2.654100 ms  DeleteObjects: 0.069300 ms)

AssetImportWorkerClient::OnTransportError - code=2 error=End of file
